<?xml version="1.0" encoding="UTF-8"?>
<!-- Generated by org.testng.reporters.JUnitReportReporter -->
<testsuite skipped="0" hostname="LAPTOP-B3GKLPMA" name="com.riddhiHousingSociety.testCases.TC_EditContentTest_005" tests="1" failures="0" timestamp="2023-08-23T15:19:52 IST" time="21.559" errors="0">
  <testcase name="editContentTest" time="21.559" classname="com.riddhiHousingSociety.testCases.TC_EditContentTest_005"/>
  <system-out/>
</testsuite> <!-- com.riddhiHousingSociety.testCases.TC_EditContentTest_005 -->
