<?xml version="1.0" encoding="UTF-8"?>
<!-- Generated by org.testng.reporters.JUnitReportReporter -->
<testsuite skipped="0" hostname="LAPTOP-B3GKLPMA" name="com.riddhiHousingSociety.testCases.TC_ListTenantsTest_012" tests="1" failures="0" timestamp="2023-08-23T15:19:52 IST" time="31.248" errors="0">
  <testcase name="listTenantsTest" time="31.248" classname="com.riddhiHousingSociety.testCases.TC_ListTenantsTest_012"/>
  <system-out/>
</testsuite> <!-- com.riddhiHousingSociety.testCases.TC_ListTenantsTest_012 -->
