<?xml version="1.0" encoding="UTF-8"?>
<!-- Generated by org.testng.reporters.JUnitReportReporter -->
<testsuite skipped="0" hostname="LAPTOP-B3GKLPMA" name="com.riddhiHousingSociety.testCases.TC_AddSectionTest_003" tests="1" failures="0" timestamp="2023-08-23T15:19:52 IST" time="27.963" errors="0">
  <testcase name="addSectionTest" time="27.963" classname="com.riddhiHousingSociety.testCases.TC_AddSectionTest_003"/>
  <system-out/>
</testsuite> <!-- com.riddhiHousingSociety.testCases.TC_AddSectionTest_003 -->
