<?xml version="1.0" encoding="UTF-8"?>
<!-- Generated by org.testng.reporters.JUnitReportReporter -->
<testsuite skipped="0" hostname="LAPTOP-B3GKLPMA" name="com.riddhiHousingSociety.testCases.TC_EditContent_005" tests="1" failures="0" timestamp="2023-08-21T14:29:56 IST" time="36.439" errors="0">
  <testcase name="editContentTest" time="36.439" classname="com.riddhiHousingSociety.testCases.TC_EditContent_005"/>
  <system-out/>
</testsuite> <!-- com.riddhiHousingSociety.testCases.TC_EditContent_005 -->
