<?xml version="1.0" encoding="UTF-8"?>
<!-- Generated by org.testng.reporters.JUnitReportReporter -->
<testsuite skipped="0" hostname="LAPTOP-B3GKLPMA" name="com.riddhiHousingSociety.testCases.TC_LoginTest_001" tests="1" failures="0" timestamp="2023-08-23T15:19:52 IST" time="10.630" errors="0">
  <testcase name="loginTest" time="10.630" classname="com.riddhiHousingSociety.testCases.TC_LoginTest_001"/>
  <system-out/>
</testsuite> <!-- com.riddhiHousingSociety.testCases.TC_LoginTest_001 -->
