<?xml version="1.0" encoding="UTF-8"?>
<!-- Generated by org.testng.reporters.JUnitReportReporter -->
<testsuite skipped="0" hostname="LAPTOP-B3GKLPMA" name="com.riddhiHousingSociety.testCases.TC_ListResidentUpdateTeat_011" tests="1" failures="0" timestamp="2023-08-26T12:06:12 IST" time="20.639" errors="0">
  <testcase name="listResidentUpdateTest" time="20.639" classname="com.riddhiHousingSociety.testCases.TC_ListResidentUpdateTeat_011"/>
  <system-out/>
</testsuite> <!-- com.riddhiHousingSociety.testCases.TC_ListResidentUpdateTeat_011 -->
