<?xml version="1.0" encoding="UTF-8"?>
<!-- Generated by org.testng.reporters.JUnitReportReporter -->
<testsuite skipped="0" hostname="LAPTOP-B3GKLPMA" name="com.riddhiHousingSociety.testCases.TC_AddNewContent_004" tests="1" failures="0" timestamp="2023-08-21T13:11:51 IST" time="21.277" errors="0">
  <testcase name="addNewContentTest" time="21.277" classname="com.riddhiHousingSociety.testCases.TC_AddNewContent_004"/>
  <system-out/>
</testsuite> <!-- com.riddhiHousingSociety.testCases.TC_AddNewContent_004 -->
