<?xml version="1.0" encoding="UTF-8"?>
<!-- Generated by org.testng.reporters.JUnitReportReporter -->
<testsuite skipped="0" hostname="LAPTOP-B3GKLPMA" name="com.riddhiHousingSociety.testCases.TC_AddSection_003" tests="1" failures="0" timestamp="2023-08-19T14:16:58 IST" time="34.267" errors="0">
  <testcase name="addSectionTest" time="34.267" classname="com.riddhiHousingSociety.testCases.TC_AddSection_003"/>
  <system-out/>
</testsuite> <!-- com.riddhiHousingSociety.testCases.TC_AddSection_003 -->
