<?xml version="1.0" encoding="UTF-8"?>
<!-- Generated by org.testng.reporters.JUnitReportReporter -->
<testsuite skipped="0" hostname="LAPTOP-B3GKLPMA" name="com.riddhiHousingSociety.testCases.TC_Veiw_EditReceiptTest_008" tests="1" failures="0" timestamp="2023-08-26T11:34:38 IST" time="31.316" errors="0">
  <testcase name="viewEditReceiptTest" time="31.316" classname="com.riddhiHousingSociety.testCases.TC_Veiw_EditReceiptTest_008"/>
  <system-out/>
</testsuite> <!-- com.riddhiHousingSociety.testCases.TC_Veiw_EditReceiptTest_008 -->
